AndroidStudioProjects/ActivitySceneTransitionBasic/app/build/intermediates/manifest_merge_blame_file/debug/manifest-merger-blame-debug-report.txt
1<?xml version="1.0" encoding="utf-8"?>
2<!--
3 Copyright 2019 Google LLC
4
5 Licensed under the Apache License, Version 2.0 (the "License");
6 you may not use this file except in compliance with the License.
7 You may obtain a copy of the License at
8
9     http://www.apache.org/licenses/LICENSE-2.0
10
11 Unless required by applicable law or agreed to in writing, software
12 distributed under the License is distributed on an "AS IS" BASIS,
13 WITHOUT WARRANTIES OR CONDITIONS OF ANY KIND, either express or implied.
14 See the License for the specific language governing permissions and
15 limitations under the License.
16-->
17<manifest xmlns:android="http://schemas.android.com/apk/res/android"
18    package="com.example.android.activityscenetransitionbasic"
19    android:versionCode="1"
20    android:versionName="1.0" >
21
22    <uses-sdk
23        android:minSdkVersion="14"
23-->src\main\AndroidManifest.xml
24        android:targetSdkVersion="29" />
24-->src\main\AndroidManifest.xml
25
26    <uses-permission android:name="android.permission.INTERNET" />
26-->src\main\AndroidManifest.xml:20:5-67
26-->src\main\AndroidManifest.xml:20:22-64
27
28    <application
28-->src\main\AndroidManifest.xml:22:5-40:19
29        android:allowBackup="false"
29-->src\main\AndroidManifest.xml:23:9-36
30        android:appComponentFactory="androidx.core.app.CoreComponentFactory"
30-->[androidx.core:core:1.0.1] AndroidManifest.xml:22:18-86
31        android:debuggable="true"
32        android:icon="@drawable/ic_launcher"
32-->src\main\AndroidManifest.xml:24:9-45
33        android:label="@string/app_name"
33-->src\main\AndroidManifest.xml:25:9-41
34        android:testOnly="true"
35        android:theme="@style/AppTheme" >
35-->src\main\AndroidManifest.xml:26:9-40
36        <activity
36-->src\main\AndroidManifest.xml:29:9-36:20
37            android:name="com.example.android.activityscenetransitionbasic.MainActivity"
37-->src\main\AndroidManifest.xml:30:13-41
38            android:label="@string/app_name" >
38-->src\main\AndroidManifest.xml:31:13-45
39            <intent-filter>
39-->src\main\AndroidManifest.xml:32:13-35:29
40                <action android:name="android.intent.action.MAIN" />
40-->src\main\AndroidManifest.xml:33:17-69
40-->src\main\AndroidManifest.xml:33:25-66
41
42                <category android:name="android.intent.category.LAUNCHER" />
42-->src\main\AndroidManifest.xml:34:17-77
42-->src\main\AndroidManifest.xml:34:27-74
43            </intent-filter>
44        </activity>
45        <activity android:name="com.example.android.activityscenetransitionbasic.DetailActivity" />
45-->src\main\AndroidManifest.xml:38:9-52
45-->src\main\AndroidManifest.xml:38:19-49
46    </application>
47
48</manifest>